2025-08-21 02:49:13,489 - INFO - Logging initialized - Log file: log-21-08-2025.log
2025-08-21 02:49:13,489 - INFO - ============================================================
2025-08-21 02:49:13,489 - INFO - HYPERPARAMETER CONFIGURATION
2025-08-21 02:49:13,490 - INFO - ============================================================
2025-08-21 02:49:13,490 - INFO - IMG SIZE: (224, 224)
2025-08-21 02:49:13,490 - INFO - BATCH SIZE: 32
2025-08-21 02:49:13,490 - INFO - EPOCHS: 1
2025-08-21 02:49:13,490 - INFO - LEARNING RATE: 0.001
2025-08-21 02:49:13,490 - INFO - DROPOUT RATE: 0.5
2025-08-21 02:49:13,490 - INFO - USE SUBSET: 1.0
2025-08-21 02:49:13,490 - INFO - MODELS: ['InceptionV3', 'ResNet50', 'VGG16', 'DenseNet121', 'MobileNetV2']
2025-08-21 02:49:13,490 - INFO - PATIENCE: 2
2025-08-21 02:49:13,490 - INFO - MIN LR: 1e-07
2025-08-21 02:49:13,490 - INFO - LR FACTOR: 0.5
2025-08-21 02:49:13,490 - INFO - ============================================================
2025-08-21 02:49:13,490 - INFO - Starting X-Ray Fracture Classification Experiment
2025-08-21 02:49:13,490 - INFO - ============================================================
2025-08-21 02:49:13,490 - INFO - Loading dataset...
2025-08-21 02:49:13,501 - INFO - Dataset loaded: 9300 images
2025-08-21 02:49:13,501 - INFO - Fractured: 4650 | Non-fractured: 4650
2025-08-21 02:49:13,501 - INFO - Creating data generators...
2025-08-21 02:49:13,556 - INFO - Training samples: 7440
2025-08-21 02:49:13,556 - INFO - Test samples: 1860
2025-08-21 02:49:13,556 - INFO - 
============================================================
2025-08-21 02:49:13,556 - INFO - Processing InceptionV3
2025-08-21 02:49:13,556 - INFO - ============================================================
2025-08-21 02:49:13,556 - INFO - Training InceptionV3...
2025-08-21 02:49:13,556 - INFO - Creating InceptionV3 model...
2025-08-21 03:04:35,244 - INFO - InceptionV3 training completed
2025-08-21 03:04:35,244 - INFO - Evaluating InceptionV3...
2025-08-21 03:05:54,279 - INFO - InceptionV3 Results:
2025-08-21 03:05:54,279 - INFO -   Accuracy:  0.9070
2025-08-21 03:05:54,279 - INFO -   Precision: 0.9490
2025-08-21 03:05:54,279 - INFO -   Recall:    0.8602
2025-08-21 03:05:54,279 - INFO -   F1-Score:  0.9024
2025-08-21 03:05:54,279 - INFO - Generating sample predictions plot for InceptionV3...
2025-08-21 03:05:55,310 - INFO - Sample predictions saved: output/InceptionV3_sample_predictions.png
2025-08-21 03:05:55,310 - INFO - Creating evaluation figure for InceptionV3...
2025-08-21 03:05:55,707 - INFO - Evaluation figure saved: output/InceptionV3_evaluation_figure.png
2025-08-21 03:05:55,707 - INFO - 
============================================================
2025-08-21 03:05:55,707 - INFO - Processing ResNet50
2025-08-21 03:05:55,707 - INFO - ============================================================
2025-08-21 03:05:55,707 - INFO - Training ResNet50...
2025-08-21 03:05:55,707 - INFO - Creating ResNet50 model...
