2025-08-21 01:42:31,241 - INFO - Logging initialized - Log file: log-2025-08-21_01-42-31.log
2025-08-21 01:42:31,242 - INFO - ============================================================
2025-08-21 01:42:31,242 - INFO - HYPERPARAMETER CONFIGURATION
2025-08-21 01:42:31,242 - INFO - ============================================================
2025-08-21 01:42:31,242 - INFO - IMG SIZE: (224, 224)
2025-08-21 01:42:31,242 - INFO - BATCH SIZE: 16
2025-08-21 01:42:31,242 - INFO - EPOCHS: 2
2025-08-21 01:42:31,242 - INFO - LEARNING RATE: 0.001
2025-08-21 01:42:31,242 - INFO - DROPOUT RATE: 0.5
2025-08-21 01:42:31,242 - INFO - USE SUBSET: 0.015
2025-08-21 01:42:31,242 - INFO - MODELS: ['InceptionV3', 'ResNet50', 'VGG16']
2025-08-21 01:42:31,242 - INFO - PATIENCE: 2
2025-08-21 01:42:31,242 - INFO - MIN LR: 1e-07
2025-08-21 01:42:31,242 - INFO - LR FACTOR: 0.5
2025-08-21 01:42:31,242 - INFO - ============================================================
2025-08-21 01:42:31,242 - INFO - Starting X-Ray Fracture Classification Experiment
2025-08-21 01:42:31,242 - INFO - ============================================================
2025-08-21 01:42:31,242 - INFO - Loading dataset...
2025-08-21 01:42:31,251 - INFO - Dataset loaded: 138 images
2025-08-21 01:42:31,251 - INFO - Fractured: 69 | Non-fractured: 69
2025-08-21 01:42:31,251 - INFO - Creating data generators...
2025-08-21 01:42:31,257 - INFO - Training samples: 110
2025-08-21 01:42:31,257 - INFO - Test samples: 28
2025-08-21 01:42:31,257 - INFO - 
============================================================
2025-08-21 01:42:31,257 - INFO - Processing InceptionV3
2025-08-21 01:42:31,257 - INFO - ============================================================
2025-08-21 01:42:31,257 - INFO - Training InceptionV3...
2025-08-21 01:42:31,257 - INFO - Creating InceptionV3 model...
2025-08-21 01:43:33,919 - INFO - InceptionV3 training completed
2025-08-21 01:43:33,919 - INFO - Evaluating InceptionV3...
2025-08-21 01:43:36,737 - INFO - InceptionV3 Results:
2025-08-21 01:43:36,737 - INFO -   Accuracy:  0.8571
2025-08-21 01:43:36,737 - INFO -   Precision: 0.9167
2025-08-21 01:43:36,737 - INFO -   Recall:    0.7857
2025-08-21 01:43:36,737 - INFO -   F1-Score:  0.8462
2025-08-21 01:43:36,737 - INFO - Generating sample predictions plot for InceptionV3...
2025-08-21 01:43:38,571 - INFO - Sample predictions saved: InceptionV3_sample_predictions.png
2025-08-21 01:43:38,571 - INFO - Generating confusion matrix for InceptionV3...
2025-08-21 01:43:38,821 - INFO - Confusion matrix saved: InceptionV3_confusion_matrix.png
2025-08-21 01:43:38,821 - INFO - 
============================================================
2025-08-21 01:43:38,821 - INFO - Processing ResNet50
2025-08-21 01:43:38,821 - INFO - ============================================================
2025-08-21 01:43:38,821 - INFO - Training ResNet50...
2025-08-21 01:43:38,821 - INFO - Creating ResNet50 model...
